<?xml version="1.0" encoding="UTF-8"?>
<!-- Generated by org.testng.reporters.JUnitReportReporter -->
<testsuite hostname="preetis-MacBook-Pro-2.local" failures="0" tests="1" name="runner.CucumberRunner" time="18.894" errors="1" timestamp="05 Aug 2020 06:52:21 GMT" skipped="0">
  <testcase classname="runner.CucumberRunner" name="runScenario" time="18.894">
    <error message="For input string: &quot;OFFER APPLIED
- YOU SAVE 
1739

17399

15660&quot;" type="java.lang.NumberFormatException">
      <![CDATA[java.lang.NumberFormatException: For input string: "OFFER APPLIED
- YOU SAVE 
1739

17399

15660"
at java.base/java.lang.NumberFormatException.forInputString(NumberFormatException.java:65)
at java.base/java.lang.Integer.parseInt(Integer.java:652)
at java.base/java.lang.Integer.parseInt(Integer.java:770)
at stepdefinition.Login.selectSubCategory(Login.java:116)
at ✽.find the highest car price and car name(src/test/resources/feature/Login.feature:19)
]]>
    </error>
  </testcase> <!-- runScenario -->
</testsuite> <!-- runner.CucumberRunner -->
