<?xml version="1.0" encoding="UTF-8"?>
<!-- Generated by org.testng.reporters.JUnitXMLReporter -->
<testsuite ignored="0" hostname="preetis-MacBook-Pro-2.local" failures="1" tests="1" name="Default test" time="19.058" errors="0" timestamp="05 Aug 2020 06:52:21 GMT">
  <testcase classname="cucumber.api.testng.AbstractTestNGCucumberTests" name="runScenario" time="18.894">
    <failure type="java.lang.NumberFormatException" message="For input string: &amp;quot;OFFER APPLIED
- YOU SAVE 
1739

17399

15660&amp;quot;">
      <![CDATA[java.lang.NumberFormatException: For input string: "OFFER APPLIED
- YOU SAVE 
1739

17399

15660"
at java.base/java.lang.NumberFormatException.forInputString(NumberFormatException.java:65)
at java.base/java.lang.Integer.parseInt(Integer.java:652)
at java.base/java.lang.Integer.parseInt(Integer.java:770)
at stepdefinition.Login.selectSubCategory(Login.java:116)
at ✽.find the highest car price and car name(src/test/resources/feature/Login.feature:19)
]]>
    </failure>
  </testcase> <!-- runScenario -->
</testsuite> <!-- Default test -->
